app/build/outputs/logs/manifest-merger-debug-report.txt
-- Merging decision tree log ---
manifest
ADDED from src\main\AndroidManifest.xml:2:1-239:12
INJECTED from src\main\AndroidManifest.xml:2:1-239:12
INJECTED from src\main\AndroidManifest.xml:2:1-239:12
INJECTED from src\main\AndroidManifest.xml:2:1-239:12
MERGED from [com.android.support:design:23.2.1] AndroidManifest.xml:17:1-24:12
MERGED from [com.android.support:recyclerview-v7:23.2.1] AndroidManifest.xml:17:1-22:12
MERGED from [com.github.ctiao:dfm:0.4.4] AndroidManifest.xml:17:1-26:12
MERGED from [:LiteAVSDK_Professional:] AndroidManifest.xml:2:1-25:12
MERGED from [:volley-1.0.0:] AndroidManifest.xml:2:1-11:12
MERGED from [:liteimsdk-release:] AndroidManifest.xml:2:1-65:12
MERGED from [com.android.support:multidex:1.0.2] AndroidManifest.xml:17:1-22:12
MERGED from [com.facebook.fresco:fresco:0.7.0] AndroidManifest.xml:2:1-9:12
MERGED from [com.android.support:appcompat-v7:23.2.1] AndroidManifest.xml:17:1-27:12
MERGED from [com.facebook.fresco:imagepipeline:0.7.0] AndroidManifest.xml:2:1-9:12
MERGED from [com.facebook.fresco:drawee:0.7.0] AndroidManifest.xml:2:1-9:12
MERGED from [com.android.support:animated-vector-drawable:23.2.1] AndroidManifest.xml:2:1-9:12
MERGED from [com.android.support:support-vector-drawable:23.2.1] AndroidManifest.xml:2:1-9:12
MERGED from [com.android.support:support-v4:23.2.1] AndroidManifest.xml:17:1-24:12
MERGED from [com.facebook.fresco:fbcore:0.7.0] AndroidManifest.xml:2:1-9:12
INJECTED from src\main\AndroidManifest.xml:2:1-239:12
INJECTED from src\main\AndroidManifest.xml:2:1-239:12
INJECTED from src\main\AndroidManifest.xml:2:1-239:12
	package
		ADDED from src\main\AndroidManifest.xml:3:5-43
		INJECTED from src\main\AndroidManifest.xml
		INJECTED from src\main\AndroidManifest.xml
	android:versionName
		INJECTED from src\main\AndroidManifest.xml
		ADDED from src\main\AndroidManifest.xml:2:1-239:12
		INJECTED from src\main\AndroidManifest.xml
	android:versionCode
		INJECTED from src\main\AndroidManifest.xml
		ADDED from src\main\AndroidManifest.xml:2:1-239:12
		INJECTED from src\main\AndroidManifest.xml
	xmlns:android
		ADDED from src\main\AndroidManifest.xml:2:11-69
uses-permission#android.permission.INTERNET
ADDED from src\main\AndroidManifest.xml:5:5-67
MERGED from [:LiteAVSDK_Professional:] AndroidManifest.xml:12:5-67
MERGED from [:LiteAVSDK_Professional:] AndroidManifest.xml:12:5-67
MERGED from [:liteimsdk-release:] AndroidManifest.xml:12:5-67
MERGED from [:liteimsdk-release:] AndroidManifest.xml:12:5-67
	android:name
		ADDED from src\main\AndroidManifest.xml:5:22-64
uses-permission#android.permission.ACCESS_NETWORK_STATE
ADDED from src\main\AndroidManifest.xml:6:5-79
MERGED from [:LiteAVSDK_Professional:] AndroidManifest.xml:11:5-79
MERGED from [:LiteAVSDK_Professional:] AndroidManifest.xml:11:5-79
MERGED from [:liteimsdk-release:] AndroidManifest.xml:25:5-79
MERGED from [:liteimsdk-release:] AndroidManifest.xml:25:5-79
	android:name
		ADDED from src\main\AndroidManifest.xml:6:22-76
uses-permission#android.permission.ACCESS_WIFI_STATE
ADDED from src\main\AndroidManifest.xml:7:5-76
MERGED from [:LiteAVSDK_Professional:] AndroidManifest.xml:17:5-76
MERGED from [:LiteAVSDK_Professional:] AndroidManifest.xml:17:5-76
MERGED from [:liteimsdk-release:] AndroidManifest.xml:17:5-76
MERGED from [:liteimsdk-release:] AndroidManifest.xml:17:5-76
	android:name
		ADDED from src\main\AndroidManifest.xml:7:22-73
uses-permission#android.permission.READ_PHONE_STATE
ADDED from src\main\AndroidManifest.xml:8:5-75
MERGED from [:liteimsdk-release:] AndroidManifest.xml:13:5-75
MERGED from [:liteimsdk-release:] AndroidManifest.xml:13:5-75
	android:name
		ADDED from src\main\AndroidManifest.xml:8:22-72
uses-permission#android.permission.CALL_PHONE
ADDED from src\main\AndroidManifest.xml:9:5-69
	android:name
		ADDED from src\main\AndroidManifest.xml:9:22-66
uses-permission#android.permission.WRITE_EXTERNAL_STORAGE
ADDED from src\main\AndroidManifest.xml:10:5-81
MERGED from [:LiteAVSDK_Professional:] AndroidManifest.xml:16:5-81
MERGED from [:LiteAVSDK_Professional:] AndroidManifest.xml:16:5-81
MERGED from [:liteimsdk-release:] AndroidManifest.xml:11:5-81
MERGED from [:liteimsdk-release:] AndroidManifest.xml:11:5-81
	android:name
		ADDED from src\main\AndroidManifest.xml:10:22-78
uses-permission#android.permission.READ_EXTERNAL_STORAGE
ADDED from src\main\AndroidManifest.xml:11:5-79
	android:name
		ADDED from src\main\AndroidManifest.xml:11:22-77
uses-permission#android.permission.WRITE_SETTINGS
ADDED from src\main\AndroidManifest.xml:12:5-73
	android:name
		ADDED from src\main\AndroidManifest.xml:12:22-70
uses-permission#android.permission.READ_LOGS
ADDED from src\main\AndroidManifest.xml:13:5-68
MERGED from [:liteimsdk-release:] AndroidManifest.xml:19:5-68
MERGED from [:liteimsdk-release:] AndroidManifest.xml:19:5-68
	android:name
		ADDED from src\main\AndroidManifest.xml:13:22-65
uses-permission#android.permission.RECORD_AUDIO
ADDED from src\main\AndroidManifest.xml:14:5-71
MERGED from [:LiteAVSDK_Professional:] AndroidManifest.xml:14:5-71
MERGED from [:LiteAVSDK_Professional:] AndroidManifest.xml:14:5-71
MERGED from [:liteimsdk-release:] AndroidManifest.xml:21:5-71
MERGED from [:liteimsdk-release:] AndroidManifest.xml:21:5-71
	android:name
		ADDED from src\main\AndroidManifest.xml:14:22-68
uses-permission#android.permission.CAMERA
ADDED from src\main\AndroidManifest.xml:15:5-65
MERGED from [:LiteAVSDK_Professional:] AndroidManifest.xml:13:5-65
MERGED from [:LiteAVSDK_Professional:] AndroidManifest.xml:13:5-65
	android:name
		ADDED from src\main\AndroidManifest.xml:15:22-62
uses-permission#android.permission.READ_CONTACTS
ADDED from src\main\AndroidManifest.xml:16:5-72
	android:name
		ADDED from src\main\AndroidManifest.xml:16:22-69
uses-feature#android.hardware.camera
ADDED from src\main\AndroidManifest.xml:17:5-60
	android:name
		ADDED from src\main\AndroidManifest.xml:17:19-57
uses-feature#android.hardware.camera.autofocus
ADDED from src\main\AndroidManifest.xml:18:5-70
	android:name
		ADDED from src\main\AndroidManifest.xml:18:19-67
uses-permission#android.permission.ACCESS_COARSE_LOCATION
ADDED from src\main\AndroidManifest.xml:20:5-81
MERGED from [:liteimsdk-release:] AndroidManifest.xml:14:5-81
MERGED from [:liteimsdk-release:] AndroidManifest.xml:14:5-81
	android:name
		ADDED from src\main\AndroidManifest.xml:20:22-78
uses-permission#android.permission.ACCESS_FINE_LOCATION
ADDED from src\main\AndroidManifest.xml:21:5-79
	android:name
		ADDED from src\main\AndroidManifest.xml:21:22-76
uses-permission#android.permission.CHANGE_NETWORK_STATE
ADDED from src\main\AndroidManifest.xml:23:5-79
MERGED from [:liteimsdk-release:] AndroidManifest.xml:20:5-79
MERGED from [:liteimsdk-release:] AndroidManifest.xml:20:5-79
	android:name
		ADDED from src\main\AndroidManifest.xml:23:22-76
uses-permission#android.permission.GET_TASKS
ADDED from src\main\AndroidManifest.xml:24:5-68
MERGED from [:liteimsdk-release:] AndroidManifest.xml:16:5-68
MERGED from [:liteimsdk-release:] AndroidManifest.xml:16:5-68
	android:name
		ADDED from src\main\AndroidManifest.xml:24:22-65
uses-permission#android.permission.MODIFY_AUDIO_SETTINGS
ADDED from src\main\AndroidManifest.xml:25:5-80
MERGED from [:liteimsdk-release:] AndroidManifest.xml:26:5-80
MERGED from [:liteimsdk-release:] AndroidManifest.xml:26:5-80
	android:name
		ADDED from src\main\AndroidManifest.xml:25:22-77
uses-permission#android.permission.RECEIVE_BOOT_COMPLETED
ADDED from src\main\AndroidManifest.xml:26:5-81
MERGED from [:liteimsdk-release:] AndroidManifest.xml:18:5-81
MERGED from [:liteimsdk-release:] AndroidManifest.xml:18:5-81
	android:name
		ADDED from src\main\AndroidManifest.xml:26:22-78
uses-permission#android.permission.VIBRATE
ADDED from src\main\AndroidManifest.xml:27:5-66
MERGED from [:liteimsdk-release:] AndroidManifest.xml:22:5-66
MERGED from [:liteimsdk-release:] AndroidManifest.xml:22:5-66
	android:name
		ADDED from src\main\AndroidManifest.xml:27:22-63
uses-permission#android.permission.WAKE_LOCK
ADDED from src\main\AndroidManifest.xml:28:5-68
MERGED from [:liteimsdk-release:] AndroidManifest.xml:15:5-68
MERGED from [:liteimsdk-release:] AndroidManifest.xml:15:5-68
	android:name
		ADDED from src\main\AndroidManifest.xml:28:22-65
uses-permission#android.permission.SYSTEM_ALERT_WINDOW
ADDED from src\main\AndroidManifest.xml:29:5-78
	android:name
		ADDED from src\main\AndroidManifest.xml:29:22-75
uses-permission#android.permission.GET_ACCOUNTS
ADDED from src\main\AndroidManifest.xml:31:5-71
	android:name
		ADDED from src\main\AndroidManifest.xml:31:22-68
uses-permission#android.permission.USE_CREDENTIALS
ADDED from src\main\AndroidManifest.xml:32:5-74
	android:name
		ADDED from src\main\AndroidManifest.xml:32:22-71
uses-permission#android.permission.MANAGE_ACCOUNTS
ADDED from src\main\AndroidManifest.xml:33:5-74
	android:name
		ADDED from src\main\AndroidManifest.xml:33:22-71
uses-permission#android.permission.BLUETOOTH
ADDED from src\main\AndroidManifest.xml:34:5-68
	android:name
		ADDED from src\main\AndroidManifest.xml:34:22-65
application
ADDED from src\main\AndroidManifest.xml:35:5-237:19
MERGED from [com.android.support:design:23.2.1] AndroidManifest.xml:22:5-20
MERGED from [com.android.support:design:23.2.1] AndroidManifest.xml:22:5-20
MERGED from [:LiteAVSDK_Professional:] AndroidManifest.xml:19:5-23:19
MERGED from [:LiteAVSDK_Professional:] AndroidManifest.xml:19:5-23:19
MERGED from [:volley-1.0.0:] AndroidManifest.xml:9:5-20
MERGED from [:volley-1.0.0:] AndroidManifest.xml:9:5-20
MERGED from [:liteimsdk-release:] AndroidManifest.xml:28:5-63:19
MERGED from [:liteimsdk-release:] AndroidManifest.xml:28:5-63:19
MERGED from [com.android.support:appcompat-v7:23.2.1] AndroidManifest.xml:25:5-20
MERGED from [com.android.support:appcompat-v7:23.2.1] AndroidManifest.xml:25:5-20
MERGED from [com.android.support:animated-vector-drawable:23.2.1] AndroidManifest.xml:7:5-20
MERGED from [com.android.support:animated-vector-drawable:23.2.1] AndroidManifest.xml:7:5-20
MERGED from [com.android.support:support-vector-drawable:23.2.1] AndroidManifest.xml:7:5-20
MERGED from [com.android.support:support-vector-drawable:23.2.1] AndroidManifest.xml:7:5-20
MERGED from [com.android.support:support-v4:23.2.1] AndroidManifest.xml:22:5-20
MERGED from [com.android.support:support-v4:23.2.1] AndroidManifest.xml:22:5-20
	android:supportsRtl
		ADDED from [:LiteAVSDK_Professional:] AndroidManifest.xml:22:9-35
	android:label
		ADDED from src\main\AndroidManifest.xml:39:9-41
	android:largeHeap
		ADDED from src\main\AndroidManifest.xml:41:9-33
	android:icon
		ADDED from src\main\AndroidManifest.xml:38:9-43
	android:allowBackup
		ADDED from src\main\AndroidManifest.xml:37:9-35
	android:theme
		ADDED from src\main\AndroidManifest.xml:40:9-40
	android:name
		ADDED from src\main\AndroidManifest.xml:36:9-38
activity#com.tencent.qcloud.xiaozhibo.mainui.SplashActivity
ADDED from src\main\AndroidManifest.xml:42:9-52:20
	android:screenOrientation
		ADDED from src\main\AndroidManifest.xml:44:13-49
	android:launchMode
		ADDED from src\main\AndroidManifest.xml:46:13-43
	android:theme
		ADDED from src\main\AndroidManifest.xml:45:13-47
	android:name
		ADDED from src\main\AndroidManifest.xml:43:13-50
intent-filter#action:name:android.intent.action.MAIN+category:name:android.intent.category.LAUNCHER
ADDED from src\main\AndroidManifest.xml:47:13-51:29
action#android.intent.action.MAIN
ADDED from src\main\AndroidManifest.xml:48:17-69
	android:name
		ADDED from src\main\AndroidManifest.xml:48:25-66
category#android.intent.category.LAUNCHER
ADDED from src\main\AndroidManifest.xml:50:17-77
	android:name
		ADDED from src\main\AndroidManifest.xml:50:27-74
service#com.tencent.qalsdk.service.QalService
ADDED from src\main\AndroidManifest.xml:55:9-58:45
	android:process
		ADDED from src\main\AndroidManifest.xml:58:13-42
	android:exported
		ADDED from src\main\AndroidManifest.xml:57:13-37
	android:name
		ADDED from src\main\AndroidManifest.xml:56:13-65
service#com.tencent.qalsdk.service.QalAssistService
ADDED from src\main\AndroidManifest.xml:60:9-63:45
	android:process
		ADDED from src\main\AndroidManifest.xml:63:13-42
	android:exported
		ADDED from src\main\AndroidManifest.xml:62:13-37
	android:name
		ADDED from src\main\AndroidManifest.xml:61:13-71
receiver#com.tencent.qalsdk.QALBroadcastReceiver
ADDED from src\main\AndroidManifest.xml:65:9-71:20
	android:exported
		ADDED from src\main\AndroidManifest.xml:67:13-37
	android:name
		ADDED from src\main\AndroidManifest.xml:66:13-67
intent-filter#action:name:com.tencent.qalsdk.broadcast.qal
ADDED from src\main\AndroidManifest.xml:68:13-70:29
action#com.tencent.qalsdk.broadcast.qal
ADDED from src\main\AndroidManifest.xml:69:17-75
	android:name
		ADDED from src\main\AndroidManifest.xml:69:25-72
receiver#com.tencent.qalsdk.core.NetConnInfoCenter
ADDED from src\main\AndroidManifest.xml:73:9-88:20
	android:process
		ADDED from src\main\AndroidManifest.xml:75:13-42
	android:name
		ADDED from src\main\AndroidManifest.xml:74:13-69
intent-filter#action:name:android.intent.action.BOOT_COMPLETED
ADDED from src\main\AndroidManifest.xml:76:13-78:29
action#android.intent.action.BOOT_COMPLETED
ADDED from src\main\AndroidManifest.xml:77:17-79
	android:name
		ADDED from src\main\AndroidManifest.xml:77:25-76
intent-filter#action:name:android.net.conn.CONNECTIVITY_CHANGE
ADDED from src\main\AndroidManifest.xml:79:13-81:29
action#android.net.conn.CONNECTIVITY_CHANGE
ADDED from src\main\AndroidManifest.xml:80:17-79
	android:name
		ADDED from src\main\AndroidManifest.xml:80:25-76
intent-filter#action:name:android.intent.action.TIME_SET
ADDED from src\main\AndroidManifest.xml:82:13-84:29
action#android.intent.action.TIME_SET
ADDED from src\main\AndroidManifest.xml:83:17-73
	android:name
		ADDED from src\main\AndroidManifest.xml:83:25-70
intent-filter#action:name:android.intent.action.TIMEZONE_CHANGED
ADDED from src\main\AndroidManifest.xml:85:13-87:29
action#android.intent.action.TIMEZONE_CHANGED
ADDED from src\main\AndroidManifest.xml:86:17-81
	android:name
		ADDED from src\main\AndroidManifest.xml:86:25-78
activity#com.tencent.qcloud.xiaozhibo.login.TCLoginActivity
ADDED from src\main\AndroidManifest.xml:90:9-93:49
	android:screenOrientation
		ADDED from src\main\AndroidManifest.xml:92:13-49
	android:theme
		ADDED from src\main\AndroidManifest.xml:93:13-46
	android:name
		ADDED from src\main\AndroidManifest.xml:91:13-50
activity#com.tencent.qcloud.xiaozhibo.login.TCRegisterActivity
ADDED from src\main\AndroidManifest.xml:94:9-97:52
	android:screenOrientation
		ADDED from src\main\AndroidManifest.xml:96:13-49
	android:theme
		ADDED from src\main\AndroidManifest.xml:97:13-49
	android:name
		ADDED from src\main\AndroidManifest.xml:95:13-53
activity#com.tencent.qcloud.xiaozhibo.mainui.MainActivity
ADDED from src\main\AndroidManifest.xml:98:9-101:46
	android:screenOrientation
		ADDED from src\main\AndroidManifest.xml:100:13-49
	android:launchMode
		ADDED from src\main\AndroidManifest.xml:101:13-44
	android:name
		ADDED from src\main\AndroidManifest.xml:99:13-48
activity#com.tencent.qcloud.xiaozhibo.push.TCPublishSettingActivity
ADDED from src\main\AndroidManifest.xml:102:9-104:52
	android:screenOrientation
		ADDED from src\main\AndroidManifest.xml:104:13-49
	android:name
		ADDED from src\main\AndroidManifest.xml:103:13-58
activity#com.tencent.qcloud.xiaozhibo.play.TCLivePlayerActivity
ADDED from src\main\AndroidManifest.xml:105:9-109:59
	android:screenOrientation
		ADDED from src\main\AndroidManifest.xml:107:13-49
	android:windowSoftInputMode
		ADDED from src\main\AndroidManifest.xml:109:13-56
	android:theme
		ADDED from src\main\AndroidManifest.xml:108:13-47
	android:name
		ADDED from src\main\AndroidManifest.xml:106:13-54
activity#com.tencent.qcloud.xiaozhibo.play.TCVodPlayerActivity
ADDED from src\main\AndroidManifest.xml:110:9-114:59
	android:screenOrientation
		ADDED from src\main\AndroidManifest.xml:112:13-49
	android:windowSoftInputMode
		ADDED from src\main\AndroidManifest.xml:114:13-56
	android:theme
		ADDED from src\main\AndroidManifest.xml:113:13-47
	android:name
		ADDED from src\main\AndroidManifest.xml:111:13-53
activity#com.tencent.qcloud.xiaozhibo.push.camera.TCLivePublisherActivity
ADDED from src\main\AndroidManifest.xml:115:9-118:59
	android:screenOrientation
		ADDED from src\main\AndroidManifest.xml:117:13-49
	android:windowSoftInputMode
		ADDED from src\main\AndroidManifest.xml:118:13-56
	android:name
		ADDED from src\main\AndroidManifest.xml:116:13-64
activity#com.tencent.qcloud.xiaozhibo.userinfo.TCEditUseInfoActivity
ADDED from src\main\AndroidManifest.xml:119:9-121:52
	android:screenOrientation
		ADDED from src\main\AndroidManifest.xml:121:13-49
	android:name
		ADDED from src\main\AndroidManifest.xml:120:13-59
activity#com.tencent.qcloud.xiaozhibo.videopublish.TCVideoPublisherActivity
ADDED from src\main\AndroidManifest.xml:122:9-125:59
	android:screenOrientation
		ADDED from src\main\AndroidManifest.xml:124:13-49
	android:windowSoftInputMode
		ADDED from src\main\AndroidManifest.xml:125:13-56
	android:name
		ADDED from src\main\AndroidManifest.xml:123:13-66
activity#com.tencent.qcloud.xiaozhibo.push.screen.TCScreenRecordActivity
ADDED from src\main\AndroidManifest.xml:126:9-135:20
	android:screenOrientation
		ADDED from src\main\AndroidManifest.xml:129:13-49
	android:launchMode
		ADDED from src\main\AndroidManifest.xml:131:13-44
	android:windowSoftInputMode
		ADDED from src\main\AndroidManifest.xml:130:13-56
	android:configChanges
		ADDED from src\main\AndroidManifest.xml:128:13-74
	android:theme
		ADDED from src\main\AndroidManifest.xml:127:13-55
	android:name
		ADDED from src\main\AndroidManifest.xml:126:19-69
intent-filter#category:name:android.intent.category.DEFAULT
ADDED from src\main\AndroidManifest.xml:132:13-134:29
category#android.intent.category.DEFAULT
ADDED from src\main\AndroidManifest.xml:133:17-76
	android:name
		ADDED from src\main\AndroidManifest.xml:133:27-73
activity#com.tencent.rtmp.video.TXScreenCapture$TXScreenCaptureAssistantActivity
ADDED from src\main\AndroidManifest.xml:137:9-157
	android:theme
		ADDED from src\main\AndroidManifest.xml:137:106-154
	android:name
		ADDED from src\main\AndroidManifest.xml:137:19-105
activity#com.tencent.qcloud.xiaozhibo.WBShareActivity
ADDED from src\main\AndroidManifest.xml:141:9-149:20
	android:screenOrientation
		ADDED from src\main\AndroidManifest.xml:144:13-49
	android:configChanges
		ADDED from src\main\AndroidManifest.xml:143:13-63
	android:name
		ADDED from src\main\AndroidManifest.xml:142:13-44
intent-filter#action:name:com.sina.weibo.sdk.action.ACTION_SDK_REQ_ACTIVITY+category:name:android.intent.category.DEFAULT
ADDED from src\main\AndroidManifest.xml:145:13-148:29
action#com.sina.weibo.sdk.action.ACTION_SDK_REQ_ACTIVITY
ADDED from src\main\AndroidManifest.xml:146:17-92
	android:name
		ADDED from src\main\AndroidManifest.xml:146:25-89
activity#com.sina.weibo.sdk.component.WeiboSdkBrowser
ADDED from src\main\AndroidManifest.xml:150:9-155:20
	android:windowSoftInputMode
		ADDED from src\main\AndroidManifest.xml:153:13-55
	android:exported
		ADDED from src\main\AndroidManifest.xml:154:13-37
	android:configChanges
		ADDED from src\main\AndroidManifest.xml:152:13-63
	android:name
		ADDED from src\main\AndroidManifest.xml:151:13-72
activity#com.tencent.qcloud.xiaozhibo.wxapi.WXEntryActivity
ADDED from src\main\AndroidManifest.xml:158:9-163:75
	android:screenOrientation
		ADDED from src\main\AndroidManifest.xml:162:13-49
	android:exported
		ADDED from src\main\AndroidManifest.xml:161:13-36
	android:configChanges
		ADDED from src\main\AndroidManifest.xml:160:13-74
	android:theme
		ADDED from src\main\AndroidManifest.xml:163:13-72
	android:name
		ADDED from src\main\AndroidManifest.xml:159:13-50
activity#com.umeng.qq.tencent.AuthActivity
ADDED from src\main\AndroidManifest.xml:166:9-178:20
	android:launchMode
		ADDED from src\main\AndroidManifest.xml:168:13-44
	android:noHistory
		ADDED from src\main\AndroidManifest.xml:169:13-37
	android:name
		ADDED from src\main\AndroidManifest.xml:167:13-61
intent-filter#action:name:android.intent.action.VIEW+category:name:android.intent.category.BROWSABLE+category:name:android.intent.category.DEFAULT+data:scheme:tencent101360044
ADDED from src\main\AndroidManifest.xml:170:13-177:29
action#android.intent.action.VIEW
ADDED from src\main\AndroidManifest.xml:171:17-69
	android:name
		ADDED from src\main\AndroidManifest.xml:171:25-66
category#android.intent.category.BROWSABLE
ADDED from src\main\AndroidManifest.xml:174:17-78
	android:name
		ADDED from src\main\AndroidManifest.xml:174:27-75
data
ADDED from src\main\AndroidManifest.xml:176:17-59
	android:scheme
		ADDED from src\main\AndroidManifest.xml:176:23-56
activity#com.umeng.qq.tencent.AssistActivity
ADDED from src\main\AndroidManifest.xml:179:9-183:74
	android:screenOrientation
		ADDED from src\main\AndroidManifest.xml:182:13-49
	android:configChanges
		ADDED from src\main\AndroidManifest.xml:181:13-74
	android:theme
		ADDED from src\main\AndroidManifest.xml:183:13-72
	android:name
		ADDED from src\main\AndroidManifest.xml:180:13-63
activity#com.tencent.qcloud.xiaozhibo.common.activity.videochoose.TCVideoChooseActivity
ADDED from src\main\AndroidManifest.xml:185:9-193:20
	android:screenOrientation
		ADDED from src\main\AndroidManifest.xml:187:13-49
	android:name
		ADDED from src\main\AndroidManifest.xml:186:13-78
intent-filter#action:name:com.tencent.qcloud.xiaozhibo.multi+action:name:com.tencent.qcloud.xiaozhibo.single+category:name:android.intent.category.DEFAULT
ADDED from src\main\AndroidManifest.xml:188:13-192:29
action#com.tencent.qcloud.xiaozhibo.single
ADDED from src\main\AndroidManifest.xml:189:17-77
	android:name
		ADDED from src\main\AndroidManifest.xml:189:25-75
action#com.tencent.qcloud.xiaozhibo.multi
ADDED from src\main\AndroidManifest.xml:190:17-76
	android:name
		ADDED from src\main\AndroidManifest.xml:190:25-74
provider#android.support.v4.content.FileProvider
ADDED from src\main\AndroidManifest.xml:195:9-203:20
	android:grantUriPermissions
		ADDED from src\main\AndroidManifest.xml:198:13-47
	android:authorities
		ADDED from src\main\AndroidManifest.xml:197:13-76
	android:exported
		ADDED from src\main\AndroidManifest.xml:199:13-37
	android:name
		ADDED from src\main\AndroidManifest.xml:196:13-67
meta-data#android.support.FILE_PROVIDER_PATHS
ADDED from src\main\AndroidManifest.xml:200:13-202:53
	android:resource
		ADDED from src\main\AndroidManifest.xml:202:17-50
	android:name
		ADDED from src\main\AndroidManifest.xml:201:17-67
uses-library#com.google.android.maps
ADDED from src\main\AndroidManifest.xml:205:9-207:40
	android:required
		ADDED from src\main\AndroidManifest.xml:207:13-37
	android:name
		ADDED from src\main\AndroidManifest.xml:206:13-51
uses-library#android.test.runner
ADDED from src\main\AndroidManifest.xml:208:9-60
	android:name
		ADDED from src\main\AndroidManifest.xml:208:23-57
meta-data#UMENG_APPKEY
ADDED from src\main\AndroidManifest.xml:213:9-216:21
	android:value
		ADDED from src\main\AndroidManifest.xml:215:13-53
	android:name
		ADDED from src\main\AndroidManifest.xml:214:13-40
meta-data#UMENG_CHANNEL
ADDED from src\main\AndroidManifest.xml:217:9-220:21
	android:value
		ADDED from src\main\AndroidManifest.xml:219:13-34
	android:name
		ADDED from src\main\AndroidManifest.xml:218:13-41
service#com.sina.weibo.sdk.net.DownloadService
ADDED from src\main\AndroidManifest.xml:222:9-223:48
	android:exported
		ADDED from src\main\AndroidManifest.xml:223:13-37
	android:name
		ADDED from src\main\AndroidManifest.xml:222:18-71
activity#com.umeng.socialize.editorpage.ShareActivity
ADDED from src\main\AndroidManifest.xml:225:9-229:15
	android:excludeFromRecents
		ADDED from src\main\AndroidManifest.xml:228:13-46
	android:theme
		ADDED from src\main\AndroidManifest.xml:227:13-51
	android:name
		ADDED from src\main\AndroidManifest.xml:226:13-72
service#com.tencent.qcloud.xiaozhibo.push.screen.TCScreenRecordService
ADDED from src\main\AndroidManifest.xml:231:9-236:19
	android:enabled
		ADDED from src\main\AndroidManifest.xml:233:13-35
	android:exported
		ADDED from src\main\AndroidManifest.xml:234:13-37
	android:name
		ADDED from src\main\AndroidManifest.xml:232:13-62
uses-sdk
INJECTED from src\main\AndroidManifest.xml reason: use-sdk injection requested
INJECTED from src\main\AndroidManifest.xml
INJECTED from src\main\AndroidManifest.xml
MERGED from [com.android.support:design:23.2.1] AndroidManifest.xml:20:5-43
MERGED from [com.android.support:design:23.2.1] AndroidManifest.xml:20:5-43
MERGED from [com.android.support:recyclerview-v7:23.2.1] AndroidManifest.xml:20:5-43
MERGED from [com.android.support:recyclerview-v7:23.2.1] AndroidManifest.xml:20:5-43
MERGED from [com.github.ctiao:dfm:0.4.4] AndroidManifest.xml:22:5-24:41
MERGED from [com.github.ctiao:dfm:0.4.4] AndroidManifest.xml:22:5-24:41
MERGED from [:LiteAVSDK_Professional:] AndroidManifest.xml:7:5-9:41
MERGED from [:LiteAVSDK_Professional:] AndroidManifest.xml:7:5-9:41
MERGED from [:volley-1.0.0:] AndroidManifest.xml:7:5-43
MERGED from [:volley-1.0.0:] AndroidManifest.xml:7:5-43
MERGED from [:liteimsdk-release:] AndroidManifest.xml:7:5-9:41
MERGED from [:liteimsdk-release:] AndroidManifest.xml:7:5-9:41
MERGED from [com.android.support:multidex:1.0.2] AndroidManifest.xml:20:5-43
MERGED from [com.android.support:multidex:1.0.2] AndroidManifest.xml:20:5-43
MERGED from [com.facebook.fresco:fresco:0.7.0] AndroidManifest.xml:5:5-7:41
MERGED from [com.facebook.fresco:fresco:0.7.0] AndroidManifest.xml:5:5-7:41
MERGED from [com.android.support:appcompat-v7:23.2.1] AndroidManifest.xml:21:5-23:78
MERGED from [com.android.support:appcompat-v7:23.2.1] AndroidManifest.xml:21:5-23:78
MERGED from [com.facebook.fresco:imagepipeline:0.7.0] AndroidManifest.xml:5:5-7:41
MERGED from [com.facebook.fresco:imagepipeline:0.7.0] AndroidManifest.xml:5:5-7:41
MERGED from [com.facebook.fresco:drawee:0.7.0] AndroidManifest.xml:5:5-7:41
MERGED from [com.facebook.fresco:drawee:0.7.0] AndroidManifest.xml:5:5-7:41
MERGED from [com.android.support:animated-vector-drawable:23.2.1] AndroidManifest.xml:5:5-44
MERGED from [com.android.support:animated-vector-drawable:23.2.1] AndroidManifest.xml:5:5-44
MERGED from [com.android.support:support-vector-drawable:23.2.1] AndroidManifest.xml:5:5-43
MERGED from [com.android.support:support-vector-drawable:23.2.1] AndroidManifest.xml:5:5-43
MERGED from [com.android.support:support-v4:23.2.1] AndroidManifest.xml:20:5-43
MERGED from [com.android.support:support-v4:23.2.1] AndroidManifest.xml:20:5-43
MERGED from [com.facebook.fresco:fbcore:0.7.0] AndroidManifest.xml:5:5-7:41
MERGED from [com.facebook.fresco:fbcore:0.7.0] AndroidManifest.xml:5:5-7:41
INJECTED from src\main\AndroidManifest.xml
INJECTED from src\main\AndroidManifest.xml
	tools:overrideLibrary
		ADDED from [com.android.support:appcompat-v7:23.2.1] AndroidManifest.xml:23:9-75
	android:targetSdkVersion
		INJECTED from src\main\AndroidManifest.xml
		ADDED from src\main\AndroidManifest.xml
		INJECTED from src\main\AndroidManifest.xml
	android:minSdkVersion
		INJECTED from src\main\AndroidManifest.xml
		ADDED from src\main\AndroidManifest.xml
		INJECTED from src\main\AndroidManifest.xml
uses-permission#android.permission.MOUNT_UNMOUNT_FILESYSTEMS
ADDED from [:LiteAVSDK_Professional:] AndroidManifest.xml:15:5-84
	android:name
		ADDED from [:LiteAVSDK_Professional:] AndroidManifest.xml:15:22-81
uses-permission#android.permission.INTERACT_ACROSS_USERS_FULL
ADDED from [:liteimsdk-release:] AndroidManifest.xml:23:5-85
	android:name
		ADDED from [:liteimsdk-release:] AndroidManifest.xml:23:22-82
uses-permission#android.permission.BROADCAST_STICKY
ADDED from [:liteimsdk-release:] AndroidManifest.xml:24:5-75
	android:name
		ADDED from [:liteimsdk-release:] AndroidManifest.xml:24:22-72
service#com.tencent.qcloud.netwrapper.remote.QalService
ADDED from [:liteimsdk-release:] AndroidManifest.xml:32:9-36:45
	android:process
		ADDED from [:liteimsdk-release:] AndroidManifest.xml:36:13-42
	android:enabled
		ADDED from [:liteimsdk-release:] AndroidManifest.xml:34:13-35
	android:exported
		ADDED from [:liteimsdk-release:] AndroidManifest.xml:35:13-36
	android:name
		ADDED from [:liteimsdk-release:] AndroidManifest.xml:33:13-75
service#com.tencent.qcloud.netwrapper.qal.QALJobSchedule
ADDED from [:liteimsdk-release:] AndroidManifest.xml:37:9-39:72
	android:permission
		ADDED from [:liteimsdk-release:] AndroidManifest.xml:39:13-69
	android:name
		ADDED from [:liteimsdk-release:] AndroidManifest.xml:38:13-76
receiver#com.tencent.qcloud.netwrapper.qal.QALBroadcastReceiver
ADDED from [:liteimsdk-release:] AndroidManifest.xml:41:9-50:20
	android:exported
		ADDED from [:liteimsdk-release:] AndroidManifest.xml:43:13-37
	android:name
		ADDED from [:liteimsdk-release:] AndroidManifest.xml:42:13-82
intent-filter#action:name:android.intent.action.BOOT_COMPLETED+action:name:android.net.conn.CONNECTIVITY_CHANGE+action:name:com.tencent.qcloud.qal+action:name:com.tencent.qcloud.qal.TASK_REMOVED
ADDED from [:liteimsdk-release:] AndroidManifest.xml:44:13-49:29
action#com.tencent.qcloud.qal
ADDED from [:liteimsdk-release:] AndroidManifest.xml:45:17-65
	android:name
		ADDED from [:liteimsdk-release:] AndroidManifest.xml:45:25-62
action#com.tencent.qcloud.qal.TASK_REMOVED
ADDED from [:liteimsdk-release:] AndroidManifest.xml:48:17-78
	android:name
		ADDED from [:liteimsdk-release:] AndroidManifest.xml:48:25-75
receiver#com.tencent.qcloud.netcore.utils.NetConnInfoCenter
ADDED from [:liteimsdk-release:] AndroidManifest.xml:53:9-62:20
	android:process
		ADDED from [:liteimsdk-release:] AndroidManifest.xml:55:13-42
	android:name
		ADDED from [:liteimsdk-release:] AndroidManifest.xml:54:13-78
intent-filter#action:name:android.intent.action.BOOT_COMPLETED+action:name:android.intent.action.TIMEZONE_CHANGED+action:name:android.intent.action.TIME_SET+action:name:android.net.conn.CONNECTIVITY_CHANGE